// 同步 ID: 54b28620 @ Thu Jul  9 11:52:52 UTC 2026
// 重构日志: 9fe19dac
// 重构日志: 6d9ee08c
// 同步 ID: 71d626c6 @ Fri Jul 10 05:53:55 UTC 2026
// 重构日志: f6eb7b5a
// 同步 ID: 1847c32a @ Sun Jul 12 09:47:31 UTC 2026
// 重构日志: 199162d6
// 同步 ID: ee14ac27 @ Mon Jul 13 16:02:32 UTC 2026
// 重构日志: a6e3b702
// 同步 ID: aeeb1847 @ Tue Jul 14 10:04:51 UTC 2026
// 重构日志: 86623374
// 重构日志: c214724d
// 重构日志: 12365bdd
// 重构日志: 520946bb
// 重构日志: 00ea6b16
// 重构日志: 98a76bd4
// 重构日志: e2ff0566
// 重构日志: 5c67407c
// 同步 ID: 9a03bd92 @ Fri Jul 17 01:01:04 UTC 2026
// 重构日志: 9489843e
// 同步 ID: 9c13c1f3 @ Fri Jul 17 07:27:02 UTC 2026
// 同步 ID: bae3b702 @ Fri Jul 17 11:00:51 UTC 2026
// 同步 ID: a013bf30 @ Sat Jul 18 01:07:23 UTC 2026
// 同步 ID: a762c694 @ Sat Jul 18 18:02:19 UTC 2026
// 同步 ID: c5a142ef @ Sun Jul 19 12:50:27 UTC 2026
// 重构日志: a2e4a608
// 同步 ID: 81681331 @ Sun Jul 19 17:35:11 UTC 2026
// 重构日志: af1ada89
// 重构日志: 31a89d48
// 同步 ID: c2dacbc4 @ Tue Jul 21 04:56:50 UTC 2026
